<?xml version="1.0" encoding="UTF-8"?>
<!-- Generated by org.testng.reporters.JUnitXMLReporter -->
<testsuite hostname="LAPTOP-6CIFSMOV" ignored="0" name="Test" tests="10" failures="0" timestamp="2021-09-27T17:28:20 IST" time="91.031" errors="0">
  <testcase name="Login" time="12.12" classname="com.urbanladder.runner.Runner"/>
  <testcase name="DiningTable" time="2.365" classname="com.urbanladder.runner.Runner"/>
  <testcase name="Sale" time="10.424" classname="com.urbanladder.runner.Runner"/>
  <testcase name="Living" time="9.313" classname="com.urbanladder.runner.Runner"/>
  <testcase name="Bedroom" time="11.891" classname="com.urbanladder.runner.Runner"/>
  <testcase name="Storage" time="9.285" classname="com.urbanladder.runner.Runner"/>
  <testcase name="Study" time="9.084" classname="com.urbanladder.runner.Runner"/>
  <testcase name="Kids" time="8.658" classname="com.urbanladder.runner.Runner"/>
  <testcase name="GiftCard" time="11.294" classname="com.urbanladder.runner.Runner"/>
  <testcase name="BulkOrder" time="3.183" classname="com.urbanladder.runner.Runner"/>
</testsuite> <!-- Test -->
